UserManual_0527/build/outputs/logs/manifest-merger-debug-report.txt
-- Merging decision tree log ---
manifest
ADDED from src\main\AndroidManifest.xml:2:1-24:12
INJECTED from src\main\AndroidManifest.xml:2:1-24:12
INJECTED from src\main\AndroidManifest.xml:2:1-24:12
INJECTED from src\main\AndroidManifest.xml:2:1-24:12
INJECTED from src\main\AndroidManifest.xml:2:1-24:12
INJECTED from src\main\AndroidManifest.xml:2:1-24:12
INJECTED from src\main\AndroidManifest.xml:2:1-24:12
	package
		ADDED from src\main\AndroidManifest.xml:2:70-106
		INJECTED from src\main\AndroidManifest.xml
		INJECTED from src\main\AndroidManifest.xml
	android:versionName
		INJECTED from src\main\AndroidManifest.xml
		ADDED from src\main\AndroidManifest.xml:2:1-24:12
		INJECTED from src\main\AndroidManifest.xml
	xmlns:tools
		ADDED from src\main\AndroidManifest.xml:2:107-153
	android:versionCode
		INJECTED from src\main\AndroidManifest.xml
		ADDED from src\main\AndroidManifest.xml:2:1-24:12
		INJECTED from src\main\AndroidManifest.xml
	xmlns:android
		ADDED from src\main\AndroidManifest.xml:2:11-69
	android:installLocation
		ADDED from src\main\AndroidManifest.xml:2:154-194
supports-screens
ADDED from src\main\AndroidManifest.xml:3:3-163
	android:largeScreens
		ADDED from src\main\AndroidManifest.xml:3:78-105
	android:smallScreens
		ADDED from src\main\AndroidManifest.xml:3:21-48
	android:normalScreens
		ADDED from src\main\AndroidManifest.xml:3:49-77
	android:xlargeScreens
		ADDED from src\main\AndroidManifest.xml:3:106-134
	android:anyDensity
		ADDED from src\main\AndroidManifest.xml:3:135-160
application
ADDED from src\main\AndroidManifest.xml:4:3-12:17
	android:label
		ADDED from src\main\AndroidManifest.xml:4:16-48
activity#com.HumanBird.ARUserManual.UnityPlayerActivity
ADDED from src\main\AndroidManifest.xml:5:5-8:16
	android:screenOrientation
		ADDED from src\main\AndroidManifest.xml:5:48-85
	android:label
		ADDED from src\main\AndroidManifest.xml:5:15-47
	android:launchMode
		ADDED from src\main\AndroidManifest.xml:5:86-117
	android:hardwareAccelerated
		ADDED from src\main\AndroidManifest.xml:5:300-335
	android:configChanges
		ADDED from src\main\AndroidManifest.xml:5:118-299
	android:name
		ADDED from src\main\AndroidManifest.xml:5:336-397
meta-data#unityplayer.UnityActivity
ADDED from src\main\AndroidManifest.xml:7:7-83
	android:value
		ADDED from src\main\AndroidManifest.xml:7:59-80
	android:name
		ADDED from src\main\AndroidManifest.xml:7:18-58
meta-data#unity.build-id
ADDED from src\main\AndroidManifest.xml:9:5-101
	android:value
		ADDED from src\main\AndroidManifest.xml:9:46-98
	android:name
		ADDED from src\main\AndroidManifest.xml:9:16-45
meta-data#unity.splash-mode
ADDED from src\main\AndroidManifest.xml:10:5-69
	android:value
		ADDED from src\main\AndroidManifest.xml:10:49-66
	android:name
		ADDED from src\main\AndroidManifest.xml:10:16-48
meta-data#unity.splash-enable
ADDED from src\main\AndroidManifest.xml:11:5-75
	android:value
		ADDED from src\main\AndroidManifest.xml:11:51-72
	android:name
		ADDED from src\main\AndroidManifest.xml:11:16-50
uses-feature#0x00020000
ADDED from src\main\AndroidManifest.xml:13:3-52
	android:glEsVersion
		ADDED from src\main\AndroidManifest.xml:13:17-49
uses-permission#android.permission.INTERNET
ADDED from src\main\AndroidManifest.xml:14:3-65
	android:name
		ADDED from src\main\AndroidManifest.xml:14:20-62
uses-permission#android.permission.CAMERA
ADDED from src\main\AndroidManifest.xml:15:3-63
	android:name
		ADDED from src\main\AndroidManifest.xml:15:20-60
uses-feature#android.hardware.camera
ADDED from src\main\AndroidManifest.xml:16:3-83
	android:required
		ADDED from src\main\AndroidManifest.xml:16:56-80
	android:name
		ADDED from src\main\AndroidManifest.xml:16:17-55
uses-feature#android.hardware.camera.autofocus
ADDED from src\main\AndroidManifest.xml:17:3-93
	android:required
		ADDED from src\main\AndroidManifest.xml:17:66-90
	android:name
		ADDED from src\main\AndroidManifest.xml:17:17-65
uses-feature#android.hardware.camera.front
ADDED from src\main\AndroidManifest.xml:18:3-89
	android:required
		ADDED from src\main\AndroidManifest.xml:18:62-86
	android:name
		ADDED from src\main\AndroidManifest.xml:18:17-61
uses-permission#android.permission.WRITE_EXTERNAL_STORAGE
ADDED from src\main\AndroidManifest.xml:19:3-106
	android:maxSdkVersion
		ADDED from src\main\AndroidManifest.xml:19:77-103
	android:name
		ADDED from src\main\AndroidManifest.xml:19:20-76
uses-permission#android.permission.READ_EXTERNAL_STORAGE
ADDED from src\main\AndroidManifest.xml:20:3-105
	android:maxSdkVersion
		ADDED from src\main\AndroidManifest.xml:20:76-102
	android:name
		ADDED from src\main\AndroidManifest.xml:20:20-75
uses-feature#android.hardware.touchscreen
ADDED from src\main\AndroidManifest.xml:21:3-88
	android:required
		ADDED from src\main\AndroidManifest.xml:21:61-85
	android:name
		ADDED from src\main\AndroidManifest.xml:21:17-60
uses-feature#android.hardware.touchscreen.multitouch
ADDED from src\main\AndroidManifest.xml:22:3-99
	android:required
		ADDED from src\main\AndroidManifest.xml:22:72-96
	android:name
		ADDED from src\main\AndroidManifest.xml:22:17-71
uses-feature#android.hardware.touchscreen.multitouch.distinct
ADDED from src\main\AndroidManifest.xml:23:3-108
	android:required
		ADDED from src\main\AndroidManifest.xml:23:81-105
	android:name
		ADDED from src\main\AndroidManifest.xml:23:17-80
uses-sdk
INJECTED from src\main\AndroidManifest.xml reason: use-sdk injection requested
INJECTED from src\main\AndroidManifest.xml
INJECTED from src\main\AndroidManifest.xml
INJECTED from src\main\AndroidManifest.xml
INJECTED from src\main\AndroidManifest.xml
	android:targetSdkVersion
		INJECTED from src\main\AndroidManifest.xml
		ADDED from src\main\AndroidManifest.xml
		INJECTED from src\main\AndroidManifest.xml
	android:minSdkVersion
		INJECTED from src\main\AndroidManifest.xml
		ADDED from src\main\AndroidManifest.xml
		INJECTED from src\main\AndroidManifest.xml